<?xml version="1.0" encoding="UTF-8"?>
<!-- Generated by org.testng.reporters.JUnitXMLReporter -->
<testsuite hostname="INW1PF0TG7RQ" name="Test" tests="4" failures="0" timestamp="7 Aug 2018 05:40:05 GMT" time="15.12" errors="0">
  <testcase name="feature" time="5.735" classname="com.shiv.poojan.RestAPITest.TestNGRunner2"/>
  <testcase name="feature" time="7.308" classname="com.shiv.poojan.RestAPITest.TestNGRunner"/>
  <testcase name="feature" time="7.978" classname="com.shiv.poojan.RestAPITest.TestNGRunner2"/>
  <testcase name="feature" time="7.565" classname="com.shiv.poojan.RestAPITest.TestNGRunner"/>
</testsuite> <!-- Test -->
